<?xml version="1.0" encoding="UTF-8"?>
<!-- Generated by org.testng.reporters.JUnitReportReporter -->
<testsuite hostname="LAPTOP-10R8ABVG" failures="0" tests="1" name="tests.InputFormTest" time="8.750" errors="0" timestamp="2023-12-15T01:00:35 IST" skipped="0">
  <testcase classname="tests.InputFormTest" name="verifyShowMessageButtonText" time="8.750"/>
  <system-out/>
</testsuite> <!-- tests.InputFormTest -->
