<?xml version="1.0" encoding="UTF-8"?>
<!-- Generated by org.testng.reporters.JUnitReportReporter -->
<testsuite hostname="LAPTOP-10R8ABVG" failures="0" tests="1" name="tests.DatePickersTest" time="5.872" errors="0" timestamp="2023-12-18T20:18:53 IST" skipped="0">
  <testcase classname="tests.DatePickersTest" name="verifyDatePicker" time="5.872"/>
  <system-out/>
</testsuite> <!-- tests.DatePickersTest -->
