<?xml version="1.0" encoding="UTF-8"?>
<!-- Generated by org.testng.reporters.JUnitReportReporter -->
<testsuite hostname="LAPTOP-10R8ABVG" failures="0" tests="3" name="tests.TableTest" time="36.668" errors="0" timestamp="2023-12-15T23:05:29 IST" skipped="0">
  <testcase classname="tests.TableTest" name="verifyTableHeading" time="12.955"/>
  <system-out/>
  <testcase classname="tests.TableTest" name="verifyHeadingOfTable" time="15.272"/>
  <system-out/>
  <testcase classname="tests.TableTest" name="verifyOfficeOfPerson" time="8.441"/>
  <system-out/>
</testsuite> <!-- tests.TableTest -->
