<?xml version="1.0" encoding="UTF-8"?>
<!-- Generated by org.testng.reporters.JUnitReportReporter -->
<testsuite hostname="LAPTOP-10R8ABVG" failures="0" tests="1" name="tests.AlertsAndModalsTest" time="15.653" errors="0" timestamp="2023-12-14T22:10:32 IST" skipped="0">
  <testcase classname="tests.AlertsAndModalsTest" name="verifyAlertHeadings" time="15.653"/>
  <system-out/>
</testsuite> <!-- tests.AlertsAndModalsTest -->
