<?xml version="1.0" encoding="UTF-8"?>
<!-- Generated by org.testng.reporters.JUnitReportReporter -->
<testsuite hostname="LAPTOP-10R8ABVG" failures="0" tests="1" name="tests.HomeTest" time="8.908" errors="0" timestamp="2023-12-13T22:02:59 IST" skipped="0">
  <testcase classname="tests.HomeTest" name="verifyLogoIsPresent" time="8.908"/>
  <system-out/>
</testsuite> <!-- tests.HomeTest -->
